<?xml version="1.0" encoding="UTF-8"?>
<!-- Generated by org.testng.reporters.JUnitXMLReporter -->
<testsuite ignored="0" hostname="Macintoshs-MacBook-Pro.local" failures="0" tests="5" name="Command line test" time="8.219" errors="0" timestamp="2020-12-13T11:50:35 CET">
  <testcase classname="SignInTest" name="incorrectDetailsErrorMessageTest" time="5.522"/>
  <testcase classname="SignInTest" name="lockedOutUserErrorMessageTest" time="0.587"/>
  <testcase classname="SignInTest" name="requiredPasswordErrorMessageTest" time="0.429"/>
  <testcase classname="SignInTest" name="requiredUserNameErrorMessageTest" time="0.385"/>
  <testcase classname="SignInTest" name="successfulSignInTest" time="1.234"/>
</testsuite> <!-- Command line test -->
