<?xml version="1.0" encoding="UTF-8"?>
<!-- Generated by org.testng.reporters.JUnitXMLReporter -->
<testsuite ignored="0" hostname="Macintoshs-MacBook-Pro.local" failures="0" tests="3" name="Command line test" time="6.671" errors="0" timestamp="2020-12-13T01:38:27 CET">
  <testcase classname="SignInTest" name="incorrectDetailsErrorMessageTest" time="4.943"/>
  <testcase classname="SignInTest" name="requiredPasswordErrorMessageTest" time="0.495"/>
  <testcase classname="SignInTest" name="successfulSignInTest" time="1.19"/>
</testsuite> <!-- Command line test -->
