<?xml version="1.0" encoding="UTF-8"?>
<!-- Generated by org.testng.reporters.JUnitXMLReporter -->
<testsuite ignored="0" hostname="Macintoshs-MacBook-Pro.local" failures="0" tests="6" name="Command line test" time="8.747" errors="0" timestamp="2020-12-13T19:46:01 CET">
  <testcase classname="CartTest" name="addToCartTest" time="6.427"/>
  <testcase classname="SignInTest" name="incorrectDetailsErrorMessageTest" time="0.743"/>
  <testcase classname="SignInTest" name="lockedOutUserErrorMessageTest" time="0.496"/>
  <testcase classname="SignInTest" name="requiredPasswordErrorMessageTest" time="0.296"/>
  <testcase classname="SignInTest" name="requiredUserNameErrorMessageTest" time="0.287"/>
  <testcase classname="SignInTest" name="successfulSignInTest" time="0.456"/>
</testsuite> <!-- Command line test -->
