<?xml version="1.0" encoding="UTF-8"?>
<testng-results ignored="0" total="6" passed="6" failed="0" skipped="0">
  <reporter-output>
  </reporter-output>
  <suite started-at="2020-12-13T12:36:52 CET" name="Command line suite" finished-at="2020-12-13T12:37:01 CET" duration-ms="9062">
    <groups>
    </groups>
    <test started-at="2020-12-13T12:36:52 CET" name="Command line test" finished-at="2020-12-13T12:37:01 CET" duration-ms="9062">
      <class name="SignInTest">
        <test-method signature="incorrectDetailsErrorMessageTest()[pri:0, instance:SignInTest@6a03bcb1]" started-at="2020-12-13T12:36:58 CET" name="incorrectDetailsErrorMessageTest" finished-at="2020-12-13T12:36:59 CET" duration-ms="633" status="PASS">
          <reporter-output>
          </reporter-output>
        </test-method> <!-- incorrectDetailsErrorMessageTest -->
        <test-method signature="lockedOutUserErrorMessageTest()[pri:0, instance:SignInTest@6a03bcb1]" started-at="2020-12-13T12:36:59 CET" name="lockedOutUserErrorMessageTest" finished-at="2020-12-13T12:37:00 CET" duration-ms="528" status="PASS">
          <reporter-output>
          </reporter-output>
        </test-method> <!-- lockedOutUserErrorMessageTest -->
        <test-method signature="requiredPasswordErrorMessageTest()[pri:0, instance:SignInTest@6a03bcb1]" started-at="2020-12-13T12:37:00 CET" name="requiredPasswordErrorMessageTest" finished-at="2020-12-13T12:37:00 CET" duration-ms="367" status="PASS">
          <reporter-output>
          </reporter-output>
        </test-method> <!-- requiredPasswordErrorMessageTest -->
        <test-method signature="requiredUserNameErrorMessageTest()[pri:0, instance:SignInTest@6a03bcb1]" started-at="2020-12-13T12:37:00 CET" name="requiredUserNameErrorMessageTest" finished-at="2020-12-13T12:37:00 CET" duration-ms="343" status="PASS">
          <reporter-output>
          </reporter-output>
        </test-method> <!-- requiredUserNameErrorMessageTest -->
        <test-method signature="successfulSignInTest()[pri:0, instance:SignInTest@6a03bcb1]" started-at="2020-12-13T12:37:00 CET" name="successfulSignInTest" finished-at="2020-12-13T12:37:01 CET" duration-ms="526" status="PASS">
          <reporter-output>
          </reporter-output>
        </test-method> <!-- successfulSignInTest -->
      </class> <!-- SignInTest -->
      <class name="CartTest">
        <test-method signature="addToCartTest()[pri:0, instance:CartTest@21b2e768]" started-at="2020-12-13T12:36:52 CET" name="addToCartTest" finished-at="2020-12-13T12:36:58 CET" duration-ms="6578" status="PASS">
          <reporter-output>
          </reporter-output>
        </test-method> <!-- addToCartTest -->
      </class> <!-- CartTest -->
    </test> <!-- Command line test -->
  </suite> <!-- Command line suite -->
</testng-results>
