<?xml version="1.0" encoding="UTF-8"?>
<testng-results ignored="0" total="6" passed="6" failed="0" skipped="0">
  <reporter-output>
  </reporter-output>
  <suite started-at="2020-12-13T23:11:29 CET" name="Command line suite" finished-at="2020-12-13T23:11:37 CET" duration-ms="8176">
    <groups>
    </groups>
    <test started-at="2020-12-13T23:11:29 CET" name="Command line test" finished-at="2020-12-13T23:11:37 CET" duration-ms="8176">
      <class name="SignInTest">
        <test-method is-config="true" signature="openSignInPageUrl()[pri:0, instance:SignInTest@394a2528]" started-at="2020-12-13T23:11:29 CET" name="openSignInPageUrl" finished-at="2020-12-13T23:11:33 CET" duration-ms="3839" status="PASS">
          <reporter-output>
          </reporter-output>
        </test-method> <!-- openSignInPageUrl -->
        <test-method signature="incorrectDetailsErrorMessageTest()[pri:0, instance:SignInTest@394a2528]" started-at="2020-12-13T23:11:33 CET" name="incorrectDetailsErrorMessageTest" finished-at="2020-12-13T23:11:34 CET" duration-ms="783" status="PASS">
          <reporter-output>
          </reporter-output>
        </test-method> <!-- incorrectDetailsErrorMessageTest -->
        <test-method is-config="true" signature="openSignInPageUrl()[pri:0, instance:SignInTest@394a2528]" started-at="2020-12-13T23:11:34 CET" name="openSignInPageUrl" finished-at="2020-12-13T23:11:34 CET" duration-ms="122" status="PASS">
          <reporter-output>
          </reporter-output>
        </test-method> <!-- openSignInPageUrl -->
        <test-method signature="lockedOutUserErrorMessageTest()[pri:0, instance:SignInTest@394a2528]" started-at="2020-12-13T23:11:34 CET" name="lockedOutUserErrorMessageTest" finished-at="2020-12-13T23:11:35 CET" duration-ms="521" status="PASS">
          <reporter-output>
          </reporter-output>
        </test-method> <!-- lockedOutUserErrorMessageTest -->
        <test-method is-config="true" signature="openSignInPageUrl()[pri:0, instance:SignInTest@394a2528]" started-at="2020-12-13T23:11:35 CET" name="openSignInPageUrl" finished-at="2020-12-13T23:11:35 CET" duration-ms="127" status="PASS">
          <reporter-output>
          </reporter-output>
        </test-method> <!-- openSignInPageUrl -->
        <test-method signature="requiredPasswordErrorMessageTest()[pri:0, instance:SignInTest@394a2528]" started-at="2020-12-13T23:11:35 CET" name="requiredPasswordErrorMessageTest" finished-at="2020-12-13T23:11:35 CET" duration-ms="324" status="PASS">
          <reporter-output>
          </reporter-output>
        </test-method> <!-- requiredPasswordErrorMessageTest -->
        <test-method is-config="true" signature="openSignInPageUrl()[pri:0, instance:SignInTest@394a2528]" started-at="2020-12-13T23:11:35 CET" name="openSignInPageUrl" finished-at="2020-12-13T23:11:35 CET" duration-ms="156" status="PASS">
          <reporter-output>
          </reporter-output>
        </test-method> <!-- openSignInPageUrl -->
        <test-method signature="requiredUserNameErrorMessageTest()[pri:0, instance:SignInTest@394a2528]" started-at="2020-12-13T23:11:35 CET" name="requiredUserNameErrorMessageTest" finished-at="2020-12-13T23:11:35 CET" duration-ms="279" status="PASS">
          <reporter-output>
          </reporter-output>
        </test-method> <!-- requiredUserNameErrorMessageTest -->
        <test-method is-config="true" signature="openSignInPageUrl()[pri:0, instance:SignInTest@394a2528]" started-at="2020-12-13T23:11:35 CET" name="openSignInPageUrl" finished-at="2020-12-13T23:11:36 CET" duration-ms="88" status="PASS">
          <reporter-output>
          </reporter-output>
        </test-method> <!-- openSignInPageUrl -->
        <test-method signature="successfulSignInTest()[pri:0, instance:SignInTest@394a2528]" started-at="2020-12-13T23:11:36 CET" name="successfulSignInTest" finished-at="2020-12-13T23:11:37 CET" duration-ms="1308" status="PASS">
          <reporter-output>
          </reporter-output>
        </test-method> <!-- successfulSignInTest -->
      </class> <!-- SignInTest -->
      <class name="CartTest">
        <test-method signature="addToCartTest()[pri:0, instance:CartTest@6236eb5f]" started-at="2020-12-13T23:11:37 CET" name="addToCartTest" finished-at="2020-12-13T23:11:37 CET" duration-ms="585" status="PASS">
          <reporter-output>
          </reporter-output>
        </test-method> <!-- addToCartTest -->
      </class> <!-- CartTest -->
    </test> <!-- Command line test -->
  </suite> <!-- Command line suite -->
</testng-results>
