<?xml version="1.0" encoding="UTF-8" ?>
<testsuite tests="6" failures="0" name="TestSuite" time="8.981" errors="0" skipped="0">
  <properties>
[...]
</properties>
  <testcase classname="CartTest" name="addToCartTest" time="6.581"/>
  <testcase classname="SignInTest" name="incorrectDetailsErrorMessageTest" time="0.632"/>
  <testcase classname="SignInTest" name="lockedOutUserErrorMessageTest" time="0.529"/>
  <testcase classname="SignInTest" name="requiredPasswordErrorMessageTest" time="0.368"/>
  <testcase classname="SignInTest" name="requiredUserNameErrorMessageTest" time="0.344"/>
  <testcase classname="SignInTest" name="successfulSignInTest" time="0.527"/>
</testsuite>